\BOOKMARK [1][-]{section.1}{Introduction}{}% 1
\BOOKMARK [2][-]{subsection.1.1}{Purpose}{section.1}% 2
\BOOKMARK [2][-]{subsection.1.2}{Scope}{section.1}% 3
\BOOKMARK [2][-]{subsection.1.3}{Definitions, Acronyms, Abbreviations}{section.1}% 4
\BOOKMARK [2][-]{subsection.1.4}{Reference documents}{section.1}% 5
\BOOKMARK [2][-]{subsection.1.5}{Document structure}{section.1}% 6
\BOOKMARK [1][-]{section.2}{Architectural Design}{}% 7
\BOOKMARK [2][-]{subsection.2.1}{Overview}{section.2}% 8
\BOOKMARK [2][-]{subsection.2.2}{High level components and their interaction}{section.2}% 9
\BOOKMARK [2][-]{subsection.2.3}{Component view}{section.2}% 10
\BOOKMARK [2][-]{subsection.2.4}{Deployment view}{section.2}% 11
\BOOKMARK [2][-]{subsection.2.5}{Runtime view}{section.2}% 12
\BOOKMARK [2][-]{subsection.2.6}{Component interfaces}{section.2}% 13
\BOOKMARK [2][-]{subsection.2.7}{Selected architectural styles and patterns}{section.2}% 14
\BOOKMARK [2][-]{subsection.2.8}{Other design decisions}{section.2}% 15
\BOOKMARK [1][-]{section.3}{Algorithm Design}{}% 16
\BOOKMARK [1][-]{section.4}{User Interface Design}{}% 17
\BOOKMARK [1][-]{section.5}{Requirements Traceability}{}% 18
\BOOKMARK [1][-]{section.6}{Appendix}{}% 19
\BOOKMARK [2][-]{subsection.6.1}{Used tools}{section.6}% 20
\BOOKMARK [2][-]{subsection.6.2}{Hours of work}{section.6}% 21
