This is pdfTeX, Version 3.14159265-2.6-1.40.16 (MiKTeX 2.9) (preloaded format=pdflatex 2015.10.22)  6 NOV 2015 17:35
entering extended mode
**RASD.tex
(RASD.tex
LaTeX2e <2015/01/01> patch level 2
Babel <3.9m> and hyphenation patterns for 69 languages loaded.
("C:\Program Files (x86)\MiKTeK\tex\latex\base\article.cls"
Document Class: article 2014/09/29 v1.4h Standard LaTeX document class
("C:\Program Files (x86)\MiKTeK\tex\latex\base\size10.clo"
File: size10.clo 2014/09/29 v1.4h Standard LaTeX file (size option)
)
\c@part=\count79
\c@section=\count80
\c@subsection=\count81
\c@subsubsection=\count82
\c@paragraph=\count83
\c@subparagraph=\count84
\c@figure=\count85
\c@table=\count86
\abovecaptionskip=\skip41
\belowcaptionskip=\skip42
\bibindent=\dimen102
)
("C:\Program Files (x86)\MiKTeK\tex\latex\hyperref\hyperref.sty"
Package: hyperref 2012/11/06 v6.83m Hypertext links for LaTeX

("C:\Program Files (x86)\MiKTeK\tex\generic\oberdiek\hobsub-hyperref.sty"
Package: hobsub-hyperref 2012/04/25 v1.12 Bundle oberdiek, subset hyperref (HO)


("C:\Program Files (x86)\MiKTeK\tex\generic\oberdiek\hobsub-generic.sty"
Package: hobsub-generic 2012/04/25 v1.12 Bundle oberdiek, subset generic (HO)
Package: hobsub 2012/04/25 v1.12 Construct package bundles (HO)
Package: infwarerr 2010/04/08 v1.3 Providing info/warning/error messages (HO)
Package: ltxcmds 2011/11/09 v1.22 LaTeX kernel commands for general use (HO)
Package: ifluatex 2010/03/01 v1.3 Provides the ifluatex switch (HO)
Package ifluatex Info: LuaTeX not detected.
Package: ifvtex 2010/03/01 v1.5 Detect VTeX and its facilities (HO)
Package ifvtex Info: VTeX not detected.
Package: intcalc 2007/09/27 v1.1 Expandable calculations with integers (HO)
Package: ifpdf 2011/01/30 v2.3 Provides the ifpdf switch (HO)
Package ifpdf Info: pdfTeX in PDF mode is detected.
Package: etexcmds 2011/02/16 v1.5 Avoid name clashes with e-TeX commands (HO)
Package etexcmds Info: Could not find \expanded.
(etexcmds)             That can mean that you are not using pdfTeX 1.50 or
(etexcmds)             that some package has redefined \expanded.
(etexcmds)             In the latter case, load this package earlier.
Package: kvsetkeys 2012/04/25 v1.16 Key value parser (HO)
Package: kvdefinekeys 2011/04/07 v1.3 Define keys (HO)
Package: pdftexcmds 2011/11/29 v0.20 Utility functions of pdfTeX for LuaTeX (HO
)
Package pdftexcmds Info: LuaTeX not detected.
Package pdftexcmds Info: \pdf@primitive is available.
Package pdftexcmds Info: \pdf@ifprimitive is available.
Package pdftexcmds Info: \pdfdraftmode found.
Package: pdfescape 2011/11/25 v1.13 Implements pdfTeX's escape features (HO)
Package: bigintcalc 2012/04/08 v1.3 Expandable calculations on big integers (HO
)
Package: bitset 2011/01/30 v1.1 Handle bit-vector datatype (HO)
Package: uniquecounter 2011/01/30 v1.2 Provide unlimited unique counter (HO)
)
Package hobsub Info: Skipping package `hobsub' (already loaded).
Package: letltxmacro 2010/09/02 v1.4 Let assignment for LaTeX macros (HO)
Package: hopatch 2011/06/24 v1.1 Wrapper for package hooks (HO)
Package: xcolor-patch 2011/01/30 xcolor patch
Package: atveryend 2011/06/30 v1.8 Hooks at the very end of document (HO)
Package atveryend Info: \enddocument detected (standard20110627).
Package: atbegshi 2011/10/05 v1.16 At begin shipout hook (HO)
Package: refcount 2011/10/16 v3.4 Data extraction from label references (HO)
Package: hycolor 2011/01/30 v1.7 Color options for hyperref/bookmark (HO)
)
("C:\Program Files (x86)\MiKTeK\tex\latex\graphics\keyval.sty"
Package: keyval 2014/10/28 v1.15 key=value parser (DPC)
\KV@toks@=\toks14
)
("C:\Program Files (x86)\MiKTeK\tex\generic\ifxetex\ifxetex.sty"
Package: ifxetex 2010/09/12 v0.6 Provides ifxetex conditional
)
("C:\Program Files (x86)\MiKTeK\tex\latex\oberdiek\auxhook.sty"
Package: auxhook 2011/03/04 v1.3 Hooks for auxiliary files (HO)
)
("C:\Program Files (x86)\MiKTeK\tex\latex\oberdiek\kvoptions.sty"
Package: kvoptions 2011/06/30 v3.11 Key value format for package options (HO)
)
\@linkdim=\dimen103
\Hy@linkcounter=\count87
\Hy@pagecounter=\count88

("C:\Program Files (x86)\MiKTeK\tex\latex\hyperref\pd1enc.def"
File: pd1enc.def 2012/11/06 v6.83m Hyperref: PDFDocEncoding definition (HO)
)
\Hy@SavedSpaceFactor=\count89

("C:\Program Files (x86)\MiKTeK\tex\latex\00miktex\hyperref.cfg"
File: hyperref.cfg 2002/06/06 v1.2 hyperref configuration of TeXLive
)
Package hyperref Info: Hyper figures OFF on input line 4443.
Package hyperref Info: Link nesting OFF on input line 4448.
Package hyperref Info: Hyper index ON on input line 4451.
Package hyperref Info: Plain pages OFF on input line 4458.
Package hyperref Info: Backreferencing OFF on input line 4463.
Package hyperref Info: Implicit mode ON; LaTeX internals redefined.
Package hyperref Info: Bookmarks ON on input line 4688.
\c@Hy@tempcnt=\count90

("C:\Program Files (x86)\MiKTeK\tex\latex\url\url.sty"
\Urlmuskip=\muskip10
Package: url 2013/09/16  ver 3.4  Verb mode for urls, etc.
)
LaTeX Info: Redefining \url on input line 5041.
\XeTeXLinkMargin=\dimen104
\Fld@menulength=\count91
\Field@Width=\dimen105
\Fld@charsize=\dimen106
Package hyperref Info: Hyper figures OFF on input line 6295.
Package hyperref Info: Link nesting OFF on input line 6300.
Package hyperref Info: Hyper index ON on input line 6303.
Package hyperref Info: backreferencing OFF on input line 6310.
Package hyperref Info: Link coloring OFF on input line 6315.
Package hyperref Info: Link coloring with OCG OFF on input line 6320.
Package hyperref Info: PDF/A mode OFF on input line 6325.
LaTeX Info: Redefining \ref on input line 6365.
LaTeX Info: Redefining \pageref on input line 6369.
\Hy@abspage=\count92
\c@Item=\count93
\c@Hfootnote=\count94
)

Package hyperref Message: Driver (autodetected): hpdftex.

("C:\Program Files (x86)\MiKTeK\tex\latex\hyperref\hpdftex.def"
File: hpdftex.def 2012/11/06 v6.83m Hyperref driver for pdfTeX
\Fld@listcount=\count95
\c@bookmark@seq@number=\count96

("C:\Program Files (x86)\MiKTeK\tex\latex\oberdiek\rerunfilecheck.sty"
Package: rerunfilecheck 2011/04/15 v1.7 Rerun checks for auxiliary files (HO)
Package uniquecounter Info: New unique counter `rerunfilecheck' on input line 2
82.
)
\Hy@SectionHShift=\skip43
)
("C:\Program Files (x86)\MiKTeK\tex\latex\graphics\graphicx.sty"
Package: graphicx 2014/10/28 v1.0g Enhanced LaTeX Graphics (DPC,SPQR)

("C:\Program Files (x86)\MiKTeK\tex\latex\graphics\graphics.sty"
Package: graphics 2014/10/28 v1.0p Standard LaTeX Graphics (DPC,SPQR)

("C:\Program Files (x86)\MiKTeK\tex\latex\graphics\trig.sty"
Package: trig 1999/03/16 v1.09 sin cos tan (DPC)
)
("C:\Program Files (x86)\MiKTeK\tex\latex\00miktex\graphics.cfg"
File: graphics.cfg 2007/01/18 v1.5 graphics configuration of teTeX/TeXLive
)
Package graphics Info: Driver file: pdftex.def on input line 94.

("C:\Program Files (x86)\MiKTeK\tex\latex\pdftex-def\pdftex.def"
File: pdftex.def 2011/05/27 v0.06d Graphics/color for pdfTeX
\Gread@gobject=\count97
))
\Gin@req@height=\dimen107
\Gin@req@width=\dimen108
)

LaTeX Warning: Unused global option(s):
    [18pt].

(RASD.aux)
LaTeX Font Info:    Checking defaults for OML/cmm/m/it on input line 6.
LaTeX Font Info:    ... okay on input line 6.
LaTeX Font Info:    Checking defaults for T1/cmr/m/n on input line 6.
LaTeX Font Info:    ... okay on input line 6.
LaTeX Font Info:    Checking defaults for OT1/cmr/m/n on input line 6.
LaTeX Font Info:    ... okay on input line 6.
LaTeX Font Info:    Checking defaults for OMS/cmsy/m/n on input line 6.
LaTeX Font Info:    ... okay on input line 6.
LaTeX Font Info:    Checking defaults for OMX/cmex/m/n on input line 6.
LaTeX Font Info:    ... okay on input line 6.
LaTeX Font Info:    Checking defaults for U/cmr/m/n on input line 6.
LaTeX Font Info:    ... okay on input line 6.
LaTeX Font Info:    Checking defaults for PD1/pdf/m/n on input line 6.
LaTeX Font Info:    ... okay on input line 6.
\AtBeginShipoutBox=\box26
Package hyperref Info: Link coloring OFF on input line 6.
 ("C:\Program Files (x86)\MiKTeK\tex\latex\hyperref\nameref.sty"
Package: nameref 2012/10/27 v2.43 Cross-referencing by name of section

("C:\Program Files (x86)\MiKTeK\tex\generic\oberdiek\gettitlestring.sty"
Package: gettitlestring 2010/12/03 v1.4 Cleanup title references (HO)
)
\c@section@level=\count98
)
LaTeX Info: Redefining \ref on input line 6.
LaTeX Info: Redefining \pageref on input line 6.
LaTeX Info: Redefining \nameref on input line 6.

(RASD.out) (RASD.out)
\@outlinefile=\write3

("C:\Program Files (x86)\MiKTeK\tex\context\base\supp-pdf.mkii"
[Loading MPS to PDF converter (version 2006.09.02).]
\scratchcounter=\count99
\scratchdimen=\dimen109
\scratchbox=\box27
\nofMPsegments=\count100
\nofMParguments=\count101
\everyMPshowfont=\toks15
\MPscratchCnt=\count102
\MPscratchDim=\dimen110
\MPnumerator=\count103
\makeMPintoPDFobject=\count104
\everyMPtoPDFconversion=\toks16
) <logo-polimi.png, id=219, 722.7pt x 722.7pt>
File: logo-polimi.png Graphic file (type png)
 <use logo-polimi.png>
Package pdftex.def Info: logo-polimi.png used on input line 9.
(pdftex.def)             Requested size: 252.94878pt x 252.94878pt.
LaTeX Font Info:    External font `cmex10' loaded for size
(Font)              <12> on input line 16.
LaTeX Font Info:    External font `cmex10' loaded for size
(Font)              <8> on input line 16.
LaTeX Font Info:    External font `cmex10' loaded for size
(Font)              <6> on input line 16.
 [1

{C:/Users/Michela/AppData/Local/MiKTeX/2.9/pdftex/config/pdftex.map} <./logo-po
limi.png>] (RASD.toc
LaTeX Font Info:    External font `cmex10' loaded for size
(Font)              <7> on input line 2.
LaTeX Font Info:    External font `cmex10' loaded for size
(Font)              <5> on input line 2.
pdfTeX warning (ext4): destination with the same identifier (name{page.1}) has 
been already used, duplicate ignored
<to be read again> 
                   \relax 
l.45 ...rline {6.3}Assertions}{37}{subsection.6.3}
                                                   [1])
\tf@toc=\write4
 [2]
LaTeX Font Info:    Try loading font information for OMS+cmr on input line 38.

("C:\Program Files (x86)\MiKTeK\tex\latex\base\omscmr.fd"
File: omscmr.fd 2014/09/29 v2.5h Standard LaTeX font definitions
)
LaTeX Font Info:    Font shape `OMS/cmr/m/n' in size <10> not available
(Font)              Font shape `OMS/cmsy/m/n' tried instead on input line 38.
 [3] [4] [5] [6]
[7] <WebAppHomepage.png, id=316, 678.535pt x 542.025pt>
File: WebAppHomepage.png Graphic file (type png)

<use WebAppHomepage.png>
Package pdftex.def Info: WebAppHomepage.png used on input line 148.
(pdftex.def)             Requested size: 203.56207pt x 162.60875pt.
 <MobileAppHomepage.png, id=317, 323.2075pt x 642.4pt>
File: MobileAppHomepage.png Graphic file (type png)

<use MobileAppHomepage.png>
Package pdftex.def Info: MobileAppHomepage.png used on input line 150.
(pdftex.def)             Requested size: 96.963pt x 192.72148pt.

Underfull \hbox (badness 10000) in paragraph at lines 146--154

 []

<WebAppLogin.png, id=318, 678.535pt x 542.025pt>
File: WebAppLogin.png Graphic file (type png)
 <use WebAppLogin.png>
Package pdftex.def Info: WebAppLogin.png used on input line 156.
(pdftex.def)             Requested size: 203.56207pt x 162.60875pt.

<MobileAppLogin.png, id=319, 323.2075pt x 642.4pt>
File: MobileAppLogin.png Graphic file (type png)
 <use MobileAppLogin.png>
Package pdftex.def Info: MobileAppLogin.png used on input line 158.
(pdftex.def)             Requested size: 96.963pt x 192.72148pt.

Underfull \hbox (badness 10000) in paragraph at lines 154--162

 []

[8 <./WebAppHomepage.png> <./MobileAppHomepage.png> <./WebAppLogin.png> <./Mobi
leAppLogin.png>] <WebAppRegistration.png, id=328, 678.535pt x 542.025pt>
File: WebAppRegistration.png Graphic file (type png)

<use WebAppRegistration.png>
Package pdftex.def Info: WebAppRegistration.png used on input line 164.
(pdftex.def)             Requested size: 203.56207pt x 162.60875pt.

<MobileAppRegistration.png, id=329, 323.2075pt x 642.4pt>
File: MobileAppRegistration.png Graphic file (type png)

<use MobileAppRegistration.png>
Package pdftex.def Info: MobileAppRegistration.png used on input line 166.
(pdftex.def)             Requested size: 96.963pt x 192.72148pt.

Underfull \hbox (badness 10000) in paragraph at lines 162--169

 []


Underfull \hbox (badness 10000) in paragraph at lines 162--169

 []

<WebAppMakeAReservation.png, id=330, 678.535pt x 542.025pt>
File: WebAppMakeAReservation.png Graphic file (type png)

<use WebAppMakeAReservation.png>
Package pdftex.def Info: WebAppMakeAReservation.png used on input line 171.
(pdftex.def)             Requested size: 203.56207pt x 162.60875pt.

<MobileAppMakeAReservation.png, id=331, 323.2075pt x 642.4pt>
File: MobileAppMakeAReservation.png Graphic file (type png)

<use MobileAppMakeAReservation.png>
Package pdftex.def Info: MobileAppMakeAReservation.png used on input line 173.
(pdftex.def)             Requested size: 96.963pt x 192.72148pt.

Underfull \hbox (badness 10000) in paragraph at lines 169--176

 []


Underfull \hbox (badness 10000) in paragraph at lines 169--176

 []


Underfull \hbox (badness 10000) in paragraph at lines 169--176

 []

[9 <./WebAppRegistration.png> <./MobileAppRegistration.png> <./WebAppMakeAReser
vation.png> <./MobileAppMakeAReservation.png>]
<WebAppPaymentMethod.png, id=340, 678.535pt x 542.025pt>
File: WebAppPaymentMethod.png Graphic file (type png)

<use WebAppPaymentMethod.png>
Package pdftex.def Info: WebAppPaymentMethod.png used on input line 178.
(pdftex.def)             Requested size: 203.56207pt x 162.60875pt.

<MobileAppPaymentMethod.png, id=341, 323.2075pt x 642.4pt>
File: MobileAppPaymentMethod.png Graphic file (type png)

<use MobileAppPaymentMethod.png>
Package pdftex.def Info: MobileAppPaymentMethod.png used on input line 180.
(pdftex.def)             Requested size: 96.963pt x 192.72148pt.

Underfull \hbox (badness 10000) in paragraph at lines 176--183

 []


Underfull \hbox (badness 10000) in paragraph at lines 176--183

 []

<WebAppPassengerProfile.png, id=342, 678.535pt x 542.025pt>
File: WebAppPassengerProfile.png Graphic file (type png)

<use WebAppPassengerProfile.png>
Package pdftex.def Info: WebAppPassengerProfile.png used on input line 185.
(pdftex.def)             Requested size: 203.56207pt x 162.60875pt.

<MobileAppPassengerProfile.png, id=343, 323.2075pt x 642.4pt>
File: MobileAppPassengerProfile.png Graphic file (type png)

<use MobileAppPassengerProfile.png>
Package pdftex.def Info: MobileAppPassengerProfile.png used on input line 187.
(pdftex.def)             Requested size: 96.963pt x 192.72148pt.

Underfull \hbox (badness 10000) in paragraph at lines 183--190

 []


Underfull \hbox (badness 10000) in paragraph at lines 183--190

 []


Underfull \hbox (badness 10000) in paragraph at lines 183--190

 []

[10 <./WebAppPaymentMethod.png> <./MobileAppPaymentMethod.png> <./WebAppPasseng
erProfile.png> <./MobileAppPassengerProfile.png>]
<WebAppCreditCardData.png, id=352, 678.535pt x 542.025pt>
File: WebAppCreditCardData.png Graphic file (type png)

<use WebAppCreditCardData.png>
Package pdftex.def Info: WebAppCreditCardData.png used on input line 192.
(pdftex.def)             Requested size: 203.56207pt x 162.60875pt.

<MobileAppCreditCardData.png, id=353, 323.2075pt x 642.4pt>
File: MobileAppCreditCardData.png Graphic file (type png)

<use MobileAppCreditCardData.png>
Package pdftex.def Info: MobileAppCreditCardData.png used on input line 194.
(pdftex.def)             Requested size: 96.963pt x 192.72148pt.

Underfull \hbox (badness 10000) in paragraph at lines 190--197

 []

<WebAppWaitForTaxi.png, id=354, 678.535pt x 542.025pt>
File: WebAppWaitForTaxi.png Graphic file (type png)

<use WebAppWaitForTaxi.png>
Package pdftex.def Info: WebAppWaitForTaxi.png used on input line 199.
(pdftex.def)             Requested size: 203.56207pt x 162.60875pt.

<MobileAppWaitForTaxi.png, id=355, 323.2075pt x 642.4pt>
File: MobileAppWaitForTaxi.png Graphic file (type png)

<use MobileAppWaitForTaxi.png>
Package pdftex.def Info: MobileAppWaitForTaxi.png used on input line 201.
(pdftex.def)             Requested size: 96.963pt x 192.72148pt.

Underfull \hbox (badness 10000) in paragraph at lines 197--204

 []


Underfull \hbox (badness 10000) in paragraph at lines 197--204

 []

<WebAppTaxiIsArriving.png, id=356, 678.535pt x 542.025pt>
File: WebAppTaxiIsArriving.png Graphic file (type png)

<use WebAppTaxiIsArriving.png>
Package pdftex.def Info: WebAppTaxiIsArriving.png used on input line 206.
(pdftex.def)             Requested size: 203.56207pt x 162.60875pt.

<MobileAppTaxiIsArriving.png, id=357, 323.2075pt x 642.4pt>
File: MobileAppTaxiIsArriving.png Graphic file (type png)

<use MobileAppTaxiIsArriving.png>
Package pdftex.def Info: MobileAppTaxiIsArriving.png used on input line 208.
(pdftex.def)             Requested size: 96.963pt x 192.72148pt.

Underfull \hbox (badness 10000) in paragraph at lines 204--211

 []


Underfull \hbox (badness 10000) in paragraph at lines 204--211

 []


Underfull \hbox (badness 10000) in paragraph at lines 204--211

 []

[11 <./WebAppCreditCardData.png> <./MobileAppCreditCardData.png> <./WebAppWaitF
orTaxi.png> <./MobileAppWaitForTaxi.png>]
<MobileAppTaxiDriverArea.png, id=366, 323.2075pt x 642.4pt>
File: MobileAppTaxiDriverArea.png Graphic file (type png)

<use MobileAppTaxiDriverArea.png>
Package pdftex.def Info: MobileAppTaxiDriverArea.png used on input line 214.
(pdftex.def)             Requested size: 96.963pt x 192.72148pt.

Underfull \hbox (badness 10000) in paragraph at lines 211--218

 []


Underfull \hbox (badness 10000) in paragraph at lines 211--218

 []


Underfull \hbox (badness 10000) in paragraph at lines 211--218

 []

<MobileAppTaxiDriverNotifications.png, id=367, 323.2075pt x 642.4pt>
File: MobileAppTaxiDriverNotifications.png Graphic file (type png)

<use MobileAppTaxiDriverNotifications.png>
Package pdftex.def Info: MobileAppTaxiDriverNotifications.png used on input lin
e 221.
(pdftex.def)             Requested size: 96.963pt x 192.72148pt.

Underfull \hbox (badness 10000) in paragraph at lines 218--224

 []

[12 <./WebAppTaxiIsArriving.png> <./MobileAppTaxiIsArriving.png> <./MobileAppTa
xiDriverArea.png>] [13 <./MobileAppTaxiDriverNotifications.png>]
Overfull \hbox (3.97293pt too wide) in paragraph at lines 241--242
[]\OT1/cmr/m/n/10 Source: http://www.oracle.com/technetwork/java/javaee/tech/in
dex.html 
 []

[14] [15] [16] [17] [18] [19] <UseCase2.jpg, id=410, 758.835pt x 1118.1775pt>
File: UseCase2.jpg Graphic file (type jpg)

<use UseCase2.jpg>
Package pdftex.def Info: UseCase2.jpg used on input line 353.
(pdftex.def)             Requested size: 303.52863pt x 447.26308pt.
 [20 <./UseCase2.jpg>]
<classDiagram.png, id=415, 775.89874pt x 736.7525pt>
File: classDiagram.png Graphic file (type png)
 <use classDiagram.png>
Package pdftex.def Info: classDiagram.png used on input line 361.
(pdftex.def)             Requested size: 426.74562pt x 405.21513pt.

Overfull \hbox (81.74562pt too wide) in paragraph at lines 361--362
[][] 
 []


Underfull \hbox (badness 10000) in paragraph at lines 358--363

 []


Underfull \hbox (badness 10000) in paragraph at lines 358--363

 []

[21 <./classDiagram.png>]
Underfull \hbox (badness 10000) in paragraph at lines 366--368

 []


Underfull \hbox (badness 10000) in paragraph at lines 366--368

 []


Underfull \hbox (badness 10000) in paragraph at lines 366--368

 []

<UseCaseSignup.jpg, id=421, 588.1975pt x 92.345pt>
File: UseCaseSignup.jpg Graphic file (type jpg)
 <use UseCaseSignup.jpg>
Package pdftex.def Info: UseCaseSignup.jpg used on input line 384.
(pdftex.def)             Requested size: 417.62314pt x 65.56538pt.

Overfull \hbox (72.62314pt too wide) in paragraph at lines 384--385
[][] 
 []


Overfull \hbox (22.03825pt too wide) in paragraph at lines 371--386
 [] 
 []

[22 <./UseCaseSignup.jpg>]
<SequenceSignup.jpg, id=426, 543.53062pt x 364.36125pt>
File: SequenceSignup.jpg Graphic file (type jpg)

<use SequenceSignup.jpg>
Package pdftex.def Info: SequenceSignup.jpg used on input line 392.
(pdftex.def)             Requested size: 385.90944pt x 258.69829pt.

Overfull \hbox (40.90944pt too wide) in paragraph at lines 392--393
 [][] 
 []

[23 <./SequenceSignup.jpg>]
Underfull \hbox (badness 10000) in paragraph at lines 395--397

 []


Underfull \hbox (badness 10000) in paragraph at lines 395--397

 []


Underfull \hbox (badness 10000) in paragraph at lines 395--397

 []

<UseCaseLogin.jpg, id=431, 588.1975pt x 174.6525pt>
File: UseCaseLogin.jpg Graphic file (type jpg)
 <use UseCaseLogin.jpg>
Package pdftex.def Info: UseCaseLogin.jpg used on input line 413.
(pdftex.def)             Requested size: 352.92122pt x 104.7923pt.

Overfull \hbox (7.92122pt too wide) in paragraph at lines 413--414
 [][] 
 []


Overfull \hbox (22.03825pt too wide) in paragraph at lines 399--415
 [] 
 []

[24 <./UseCaseLogin.jpg>] <SequenceLogin.jpg, id=437, 535.2497pt x 356.0803pt>
File: SequenceLogin.jpg Graphic file (type jpg)

<use SequenceLogin.jpg>
Package pdftex.def Info: SequenceLogin.jpg used on input line 421.
(pdftex.def)             Requested size: 401.43628pt x 267.05957pt.

Overfull \hbox (56.43628pt too wide) in paragraph at lines 421--422
 [][] 
 []

[25 <./SequenceLogin.jpg>]
Underfull \hbox (badness 10000) in paragraph at lines 424--426

 []


Underfull \hbox (badness 10000) in paragraph at lines 424--426

 []


Underfull \hbox (badness 10000) in paragraph at lines 424--426

 []

Missing character: There is no ‚ in font cmr10!
Missing character: There is no Ä in font cmr10!
Missing character: There is no ú in font cmr10!
Missing character: There is no ‚ in font cmr10!
Missing character: There is no Ä in font cmr10!
Missing character: There is no ù in font cmr10!
<UseCaseProfile.jpg, id=442, 334.24875pt x 91.34125pt>
File: UseCaseProfile.jpg Graphic file (type jpg)

<use UseCaseProfile.jpg>
Package pdftex.def Info: UseCaseProfile.jpg used on input line 441.
(pdftex.def)             Requested size: 267.39935pt x 73.07309pt.

Overfull \hbox (22.03825pt too wide) in paragraph at lines 428--443
 [] 
 []

[26 <./UseCaseProfile.jpg>]
<SequenceProfile.jpg, id=447, 395.97937pt x 458.46281pt>
File: SequenceProfile.jpg Graphic file (type jpg)

<use SequenceProfile.jpg>
Package pdftex.def Info: SequenceProfile.jpg used on input line 449.
(pdftex.def)             Requested size: 384.09953pt x 444.70839pt.

Overfull \hbox (39.09953pt too wide) in paragraph at lines 449--450
 [][] 
 []

[27 <./SequenceProfile.jpg>]
Underfull \hbox (badness 10000) in paragraph at lines 452--454

 []


Underfull \hbox (badness 10000) in paragraph at lines 452--454

 []


Underfull \hbox (badness 10000) in paragraph at lines 452--454

 []

<UseCaseRequest.jpg, id=452, 697.60625pt x 376.40625pt>
File: UseCaseRequest.jpg Graphic file (type jpg)

<use UseCaseRequest.jpg>
Package pdftex.def Info: UseCaseRequest.jpg used on input line 471.
(pdftex.def)             Requested size: 418.56697pt x 225.84547pt.

Overfull \hbox (73.56697pt too wide) in paragraph at lines 471--472
 [][] 
 []


Overfull \hbox (22.03825pt too wide) in paragraph at lines 456--473
 [] 
 []

[28 <./UseCaseRequest.jpg>]
<SequenceRequest.jpg, id=457, 457.71pt x 374.14781pt>
File: SequenceRequest.jpg Graphic file (type jpg)

<use SequenceRequest.jpg>
Package pdftex.def Info: SequenceRequest.jpg used on input line 479.
(pdftex.def)             Requested size: 411.9352pt x 336.7299pt.

Overfull \hbox (66.9352pt too wide) in paragraph at lines 479--480
 [][] 
 []

[29 <./SequenceRequest.jpg>]
Underfull \hbox (badness 10000) in paragraph at lines 482--484

 []


Underfull \hbox (badness 10000) in paragraph at lines 482--484

 []


Underfull \hbox (badness 10000) in paragraph at lines 482--484

 []

Missing character: There is no ‚ in font cmr10!
Missing character: There is no Ä in font cmr10!
Missing character: There is no ú in font cmr10!
Missing character: There is no ‚ in font cmr10!
Missing character: There is no Ä in font cmr10!
Missing character: There is no ù in font cmr10!
<UseCaseReserve.jpg, id=462, 567.11874pt x 406.51875pt>
File: UseCaseReserve.jpg Graphic file (type jpg)

<use UseCaseReserve.jpg>
Package pdftex.def Info: UseCaseReserve.jpg used on input line 502.
(pdftex.def)             Requested size: 340.27386pt x 243.91312pt.

Overfull \hbox (22.03825pt too wide) in paragraph at lines 486--504
 [] 
 []

[30 <./UseCaseReserve.jpg>]
<SequenceReserve.jpg, id=468, 497.60907pt x 510.40688pt>
File: SequenceReserve.jpg Graphic file (type jpg)

<use SequenceReserve.jpg>
Package pdftex.def Info: SequenceReserve.jpg used on input line 510.
(pdftex.def)             Requested size: 398.08778pt x 408.32605pt.

Overfull \hbox (53.08778pt too wide) in paragraph at lines 510--511
 [][] 
 []

[31 <./SequenceReserve.jpg>]
Underfull \hbox (badness 10000) in paragraph at lines 513--515

 []


Underfull \hbox (badness 10000) in paragraph at lines 513--515

 []


Underfull \hbox (badness 10000) in paragraph at lines 513--515

 []

<UseCaseTaxiArea.jpg, id=473, 567.11874pt x 183.68625pt>
File: UseCaseTaxiArea.jpg Graphic file (type jpg)

<use UseCaseTaxiArea.jpg>
Package pdftex.def Info: UseCaseTaxiArea.jpg used on input line 529.
(pdftex.def)             Requested size: 396.98041pt x 128.57947pt.

Overfull \hbox (51.98041pt too wide) in paragraph at lines 529--530
 [][] 
 []


Overfull \hbox (22.03825pt too wide) in paragraph at lines 517--531
 [] 
 []

[32 <./UseCaseTaxiArea.jpg>]
<SequenceTaxiArea.jpg, id=478, 310.91156pt x 236.38312pt>
File: SequenceTaxiArea.jpg Graphic file (type jpg)

<use SequenceTaxiArea.jpg>
Package pdftex.def Info: SequenceTaxiArea.jpg used on input line 537.
(pdftex.def)             Requested size: 310.91078pt x 236.38254pt.
 [33 <./SequenceTaxiArea.jpg>]
<stateChartDiagram.jpg, id=483, 806.01125pt x 677.53125pt>
File: stateChartDiagram.jpg Graphic file (type jpg)

<use stateChartDiagram.jpg>
Package pdftex.def Info: stateChartDiagram.jpg used on input line 546.
(pdftex.def)             Requested size: 403.00464pt x 338.76479pt.

Overfull \hbox (58.00464pt too wide) in paragraph at lines 546--547
 [][] 
 []


Underfull \hbox (badness 10000) in paragraph at lines 542--548

 []


Underfull \hbox (badness 10000) in paragraph at lines 542--548

 []


Underfull \hbox (badness 10000) in paragraph at lines 542--548

 []

[34 <./stateChartDiagram.jpg>]
<signatures.jpg, id=488, 387.69844pt x 543.53062pt>
File: signatures.jpg Graphic file (type jpg)
 <use signatures.jpg>
Package pdftex.def Info: signatures.jpg used on input line 555.
(pdftex.def)             Requested size: 310.15916pt x 434.82507pt.

[35 <./signatures.jpg>] <facts1.jpg, id=493, 472.01344pt x 511.9125pt>
File: facts1.jpg Graphic file (type jpg)

<use facts1.jpg>
Package pdftex.def Info: facts1.jpg used on input line 560.
(pdftex.def)             Requested size: 264.32571pt x 286.66905pt.
 <facts2.jpg, id=494, 478.03593pt x 305.64188pt>
File: facts2.jpg Graphic file (type jpg)

<use facts2.jpg>
Package pdftex.def Info: facts2.jpg used on input line 562.
(pdftex.def)             Requested size: 267.69829pt x 171.15826pt.

Underfull \hbox (badness 10000) in paragraph at lines 560--563
[][]
 []

[36 <./facts1.jpg> <./facts2.jpg>]
<assertions.jpg, id=500, 461.47406pt x 276.28218pt>
File: assertions.jpg Graphic file (type jpg)
 <use assertions.jpg>
Package pdftex.def Info: assertions.jpg used on input line 567.
(pdftex.def)             Requested size: 369.17973pt x 221.02603pt.

Overfull \hbox (24.17973pt too wide) in paragraph at lines 567--568
[][] 
 []

<predicates.jpg, id=501, 405.76593pt x 145.29282pt>
File: predicates.jpg Graphic file (type jpg)
 <use predicates.jpg>
Package pdftex.def Info: predicates.jpg used on input line 572.
(pdftex.def)             Requested size: 324.61317pt x 116.23439pt.

[37 <./assertions.jpg> <./predicates.jpg>]
<results.jpg, id=506, 388.45125pt x 83.5622pt>
File: results.jpg Graphic file (type jpg)
 <use results.jpg>
Package pdftex.def Info: results.jpg used on input line 577.
(pdftex.def)             Requested size: 388.45029pt x 83.56198pt.

Overfull \hbox (43.45029pt too wide) in paragraph at lines 577--578
[][] 
 []

[38 <./results.jpg>] <show.jpg, id=511, 571.38469pt x 358.33875pt>
File: show.jpg Graphic file (type jpg)

<use show.jpg>
Package pdftex.def Info: show.jpg used on input line 586.
(pdftex.def)             Requested size: 399.96655pt x 250.83542pt.

Overfull \hbox (54.96655pt too wide) in paragraph at lines 586--587
[][] 
 []


Underfull \hbox (badness 10000) in paragraph at lines 582--588

 []


Underfull \hbox (badness 10000) in paragraph at lines 582--588

 []


Underfull \hbox (badness 10000) in paragraph at lines 582--588

 []


Underfull \hbox (badness 10000) in paragraph at lines 582--588

 []


Underfull \hbox (badness 10000) in paragraph at lines 582--588

 []

[39 <./show.jpg>] <makeRequest.jpg, id=516, 702.37407pt x 386.94562pt>
File: makeRequest.jpg Graphic file (type jpg)

<use makeRequest.jpg>
Package pdftex.def Info: makeRequest.jpg used on input line 594.
(pdftex.def)             Requested size: 421.42769pt x 232.16916pt.

Overfull \hbox (76.42769pt too wide) in paragraph at lines 594--595
[][] 
 []


Underfull \hbox (badness 10000) in paragraph at lines 590--596

 []


Underfull \hbox (badness 10000) in paragraph at lines 590--596

 []


Underfull \hbox (badness 10000) in paragraph at lines 590--596

 []


Underfull \hbox (badness 10000) in paragraph at lines 590--596

 []


Underfull \hbox (badness 10000) in paragraph at lines 590--596

 []

[40 <./makeRequest.jpg>]
Package atveryend Info: Empty hook `BeforeClearDocument' on input line 624.
 [41]
Package atveryend Info: Empty hook `AfterLastShipout' on input line 624.
 (RASD.aux)
Package atveryend Info: Executing hook `AtVeryEndDocument' on input line 624.
Package atveryend Info: Executing hook `AtEndAfterFileList' on input line 624.
Package rerunfilecheck Info: File `RASD.out' has not changed.
(rerunfilecheck)             Checksum: 0C57BCE71258AEAD4BCFB8208110A5FB;3778.
Package atveryend Info: Empty hook `AtVeryVeryEnd' on input line 624.
 ) 
Here is how much of TeX's memory you used:
 5338 strings out of 493673
 80328 string characters out of 3143143
 158983 words of memory out of 3000000
 8536 multiletter control sequences out of 15000+200000
 8370 words of font info for 30 fonts, out of 3000000 for 9000
 1025 hyphenation exceptions out of 8191
 29i,8n,28p,753b,389s stack positions out of 5000i,500n,10000p,200000b,50000s
<C:/Program Files (x86)/MiKTeK/fonts/type1/public/amsfonts/cm/cmbx10.pfb><C:/
Program Files (x86)/MiKTeK/fonts/type1/public/amsfonts/cm/cmbx12.pfb><C:/Progra
m Files (x86)/MiKTeK/fonts/type1/public/amsfonts/cm/cmr10.pfb><C:/Program Files
 (x86)/MiKTeK/fonts/type1/public/amsfonts/cm/cmr12.pfb><C:/Program Files (x86)/
MiKTeK/fonts/type1/public/amsfonts/cm/cmr17.pfb><C:/Program Files (x86)/MiKTeK/
fonts/type1/public/amsfonts/cm/cmsy10.pfb><C:/Program Files (x86)/MiKTeK/fonts/
type1/public/amsfonts/cm/cmsy7.pfb><C:/Program Files (x86)/MiKTeK/fonts/type1/p
ublic/amsfonts/cm/cmtt10.pfb>
Output written on RASD.pdf (42 pages, 2732473 bytes).
PDF statistics:
 582 PDF objects out of 1000 (max. 8388607)
 101 named destinations out of 1000 (max. 500000)
 653 words of extra memory for PDF output out of 10000 (max. 10000000)

