\BOOKMARK [1][-]{section.1}{Introduction}{}% 1
\BOOKMARK [2][-]{subsection.1.1}{Purpose}{section.1}% 2
\BOOKMARK [2][-]{subsection.1.2}{Document structure}{section.1}% 3
\BOOKMARK [1][-]{section.2}{Classes And Methods Assigned}{}% 4
\BOOKMARK [2][-]{subsection.2.1}{Package}{section.2}% 5
\BOOKMARK [2][-]{subsection.2.2}{Class}{section.2}% 6
\BOOKMARK [2][-]{subsection.2.3}{Methods}{section.2}% 7
\BOOKMARK [1][-]{section.3}{Functional Roles}{}% 8
\BOOKMARK [2][-]{subsection.3.1}{Method 1: addCollectionRelationship}{section.3}% 9
\BOOKMARK [2][-]{subsection.3.2}{Method 2: setForeignKey}{section.3}% 10
\BOOKMARK [2][-]{subsection.3.3}{Method 3: addJoinTableEntry}{section.3}% 11
\BOOKMARK [2][-]{subsection.3.4}{Method 4: prepareUpdateFieldSpecial}{section.3}% 12
\BOOKMARK [1][-]{section.4}{Issues}{}% 13
\BOOKMARK [2][-]{subsection.4.1}{Class}{section.4}% 14
\BOOKMARK [2][-]{subsection.4.2}{Method 1: addCollectionRelationship}{section.4}% 15
\BOOKMARK [2][-]{subsection.4.3}{Method 2: setForeignKey}{section.4}% 16
\BOOKMARK [2][-]{subsection.4.4}{Method 3: addJoinTableEntry}{section.4}% 17
\BOOKMARK [2][-]{subsection.4.5}{Method 4: prepareUpdateFieldSpecial}{section.4}% 18
\BOOKMARK [1][-]{section.5}{Other Problems}{}% 19
\BOOKMARK [1][-]{section.6}{References}{}% 20
