\BOOKMARK [1][-]{section.1}{Introduction}{}% 1
\BOOKMARK [2][-]{subsection.1.1}{Purpose}{section.1}% 2
\BOOKMARK [2][-]{subsection.1.2}{Definitions and abbreviations}{section.1}% 3
\BOOKMARK [2][-]{subsection.1.3}{Reference documents}{section.1}% 4
\BOOKMARK [1][-]{section.2}{Effort and Cost Estimation}{}% 5
\BOOKMARK [2][-]{subsection.2.1}{Function Points}{section.2}% 6
\BOOKMARK [3][-]{subsubsection.2.1.1}{External Inputs}{subsection.2.1}% 7
\BOOKMARK [3][-]{subsubsection.2.1.2}{External Outputs}{subsection.2.1}% 8
\BOOKMARK [3][-]{subsubsection.2.1.3}{External Inquiry}{subsection.2.1}% 9
\BOOKMARK [3][-]{subsubsection.2.1.4}{ILF}{subsection.2.1}% 10
\BOOKMARK [3][-]{subsubsection.2.1.5}{EIF}{subsection.2.1}% 11
\BOOKMARK [3][-]{subsubsection.2.1.6}{Result}{subsection.2.1}% 12
\BOOKMARK [2][-]{subsection.2.2}{COCOMO}{section.2}% 13
\BOOKMARK [2][-]{subsection.2.3}{Conclusions}{section.2}% 14
\BOOKMARK [1][-]{section.3}{Task Scheduling}{}% 15
\BOOKMARK [1][-]{section.4}{Resources Allocation}{}% 16
\BOOKMARK [1][-]{section.5}{Risks and Recoveries}{}% 17
\BOOKMARK [1][-]{section.6}{Appendix}{}% 18
\BOOKMARK [2][-]{subsection.6.1}{Software and tool used}{section.6}% 19
\BOOKMARK [2][-]{subsection.6.2}{Hours of work}{section.6}% 20
